* using log directory ‘/Users/shuilan/Documents/GitHub/PoweREST/PoweREST.Rcheck’
* using R version 4.4.0 (2024-04-24)
* using platform: aarch64-apple-darwin20
* R was compiled by
    Apple clang version 14.0.0 (clang-1400.0.29.202)
    GNU Fortran (GCC) 12.2.0
* running under: macOS Sonoma 14.5
* using session charset: UTF-8
* using option ‘--as-cran’
* checking for file ‘PoweREST/DESCRIPTION’ ... OK
* this is package ‘PoweREST’ version ‘0.0.0.9000’
* package encoding: UTF-8
* checking CRAN incoming feasibility ... [3s/20s] NOTE
Maintainer: ‘Lan Shui <Lan.Shui@uth.tmc.edu>’

New submission

Version contains large components (0.0.0.9000)

Found the following (possibly) invalid URLs:
  URL: https://cran.r-project.org/web/packages/Seurat/index.html
    From: man/PoweREST.Rd
          man/PoweREST_gene.Rd
          man/PoweREST_subset.Rd
    Status: 200
    Message: OK
    CRAN URL not in canonical form
  URL: https://cran.r-project.org/web/packages/scam/index.html
    From: man/fit_powerest.Rd
          man/pred_powerest.Rd
          man/vis_powerest.Rd
    Status: 200
    Message: OK
    CRAN URL not in canonical form
  URL: https://cran.r-project.org/web/packages/xgboost/xgboost.pdf
    From: man/fit_XGBoost.Rd
          man/pred_XGBoost.Rd
    Status: 200
    Message: OK
    CRAN URL not in canonical form
  The canonical URL of the CRAN page for a package is 
    https://CRAN.R-project.org/package=pkgname

The Description field should not start with the package name,
  'This package' or similar.
* checking package namespace information ... OK
* checking package dependencies ... OK
* checking if this is a source package ... OK
* checking if there is a namespace ... OK
* checking for executable files ... OK
* checking for hidden files and directories ... OK
* checking for portable file names ... OK
* checking for sufficient/correct file permissions ... OK
* checking serialization versions ... OK
* checking whether package ‘PoweREST’ can be installed ... OK
* checking installed package size ... OK
* checking package directory ... OK
* checking for future file timestamps ... OK
* checking ‘build’ directory ... OK
* checking DESCRIPTION meta-information ... OK
* checking top-level files ... OK
* checking for left-over files ... OK
* checking index information ... OK
* checking package subdirectories ... OK
* checking code files for non-ASCII characters ... OK
* checking R files for syntax errors ... OK
* checking whether the package can be loaded ... OK
* checking whether the package can be loaded with stated dependencies ... OK
* checking whether the package can be unloaded cleanly ... OK
* checking whether the namespace can be loaded with stated dependencies ... OK
* checking whether the namespace can be unloaded cleanly ... OK
* checking loading without being on the library search path ... OK
* checking use of S3 registration ... OK
* checking dependencies in R code ... OK
* checking S3 generic/method consistency ... OK
* checking replacement functions ... OK
* checking foreign function calls ... OK
* checking R code for possible problems ... [12s/12s] OK
* checking Rd files ... OK
* checking Rd metadata ... OK
* checking Rd line widths ... OK
* checking Rd cross-references ... OK
* checking for missing documentation entries ... OK
* checking for code/documentation mismatches ... OK
* checking Rd \usage sections ... OK
* checking Rd contents ... OK
* checking for unstated dependencies in examples ... OK
* checking contents of ‘data’ directory ... OK
* checking data for non-ASCII characters ... OK
* checking LazyData ... OK
* checking data for ASCII and uncompressed saves ... OK
* checking installed files from ‘inst/doc’ ... OK
* checking files in ‘vignettes’ ... OK
* checking examples ... OK
* checking examples with --run-donttest ... [79s/85s] OK
* checking for unstated dependencies in vignettes ... OK
* checking package vignettes ... OK
* checking re-building of vignette outputs ... OK
* checking PDF version of manual ... OK
* checking HTML version of manual ... NOTE
Found the following HTML validation problems:
PoweREST.html:15:44 (PoweREST.Rd:5): Error: <main> is not recognized!
PoweREST.html:15:44 (PoweREST.Rd:5): Warning: discarding unexpected <main>
PoweREST.html:90:1 (PoweREST.Rd:41): Warning: discarding unexpected </main>
PoweREST.html:4:1 (PoweREST.Rd:5): Warning: <link> inserting "type" attribute
PoweREST.html:12:1 (PoweREST.Rd:5): Warning: <script> proprietary attribute "onload"
PoweREST.html:12:1 (PoweREST.Rd:5): Warning: <script> inserting "type" attribute
PoweREST.html:17:1 (PoweREST.Rd:5): Warning: <table> lacks "summary" attribute
PoweREST.html:41:1 (PoweREST.Rd:11): Warning: <table> lacks "summary" attribute
PoweREST.html:71:14 (PoweREST.Rd:26): Warning: <code> attribute "id" has invalid value "..."
PoweREST_gene.html:15:44 (PoweREST_gene.Rd:5): Error: <main> is not recognized!
PoweREST_gene.html:15:44 (PoweREST_gene.Rd:5): Warning: discarding unexpected <main>
PoweREST_gene.html:93:1 (PoweREST_gene.Rd:42): Warning: discarding unexpected </main>
PoweREST_gene.html:4:1 (PoweREST_gene.Rd:5): Warning: <link> inserting "type" attribute
PoweREST_gene.html:12:1 (PoweREST_gene.Rd:5): Warning: <script> proprietary attribute "onload"
PoweREST_gene.html:12:1 (PoweREST_gene.Rd:5): Warning: <script> inserting "type" attribute
PoweREST_gene.html:17:1 (PoweREST_gene.Rd:5): Warning: <table> lacks "summary" attribute
PoweREST_gene.html:40:1 (PoweREST_gene.Rd:11): Warning: <table> lacks "summary" attribute
PoweREST_gene.html:74:14 (PoweREST_gene.Rd:28): Warning: <code> attribute "id" has invalid value "..."
PoweREST_subset.html:15:44 (PoweREST_subset.Rd:5): Error: <main> is not recognized!
PoweREST_subset.html:15:44 (PoweREST_subset.Rd:5): Warning: discarding unexpected <main>
PoweREST_subset.html:102:1 (PoweREST_subset.Rd:49): Warning: discarding unexpected </main>
PoweREST_subset.html:4:1 (PoweREST_subset.Rd:5): Warning: <link> inserting "type" attribute
PoweREST_subset.html:12:1 (PoweREST_subset.Rd:5): Warning: <script> proprietary attribute "onload"
PoweREST_subset.html:12:1 (PoweREST_subset.Rd:5): Warning: <script> inserting "type" attribute
PoweREST_subset.html:17:1 (PoweREST_subset.Rd:5): Warning: <table> lacks "summary" attribute
PoweREST_subset.html:43:1 (PoweREST_subset.Rd:12): Warning: <table> lacks "summary" attribute
PoweREST_subset.html:83:14 (PoweREST_subset.Rd:33): Warning: <code> attribute "id" has invalid value "..."
fit_XGBoost.html:15:44 (fit_XGBoost.Rd:5): Error: <main> is not recognized!
fit_XGBoost.html:15:44 (fit_XGBoost.Rd:5): Warning: discarding unexpected <main>
fit_XGBoost.html:98:1 (fit_XGBoost.Rd:43): Warning: discarding unexpected </main>
fit_XGBoost.html:4:1 (fit_XGBoost.Rd:5): Warning: <link> inserting "type" attribute
fit_XGBoost.html:12:1 (fit_XGBoost.Rd:5): Warning: <script> proprietary attribute "onload"
fit_XGBoost.html:12:1 (fit_XGBoost.Rd:5): Warning: <script> inserting "type" attribute
fit_XGBoost.html:17:1 (fit_XGBoost.Rd:5): Warning: <table> lacks "summary" attribute
fit_XGBoost.html:38:1 (fit_XGBoost.Rd:11): Warning: <table> lacks "summary" attribute
fit_powerest.html:15:44 (fit_powerest.Rd:5): Error: <main> is not recognized!
fit_powerest.html:15:44 (fit_powerest.Rd:5): Warning: discarding unexpected <main>
fit_powerest.html:78:1 (fit_powerest.Rd:31): Warning: discarding unexpected </main>
fit_powerest.html:4:1 (fit_powerest.Rd:5): Warning: <link> inserting "type" attribute
fit_powerest.html:12:1 (fit_powerest.Rd:5): Warning: <script> proprietary attribute "onload"
fit_powerest.html:12:1 (fit_powerest.Rd:5): Warning: <script> inserting "type" attribute
fit_powerest.html:17:1 (fit_powerest.Rd:5): Warning: <table> lacks "summary" attribute
fit_powerest.html:39:1 (fit_powerest.Rd:10): Warning: <table> lacks "summary" attribute
pipe.html:15:44 (pipe.Rd:5): Error: <main> is not recognized!
pipe.html:15:44 (pipe.Rd:5): Warning: discarding unexpected <main>
pipe.html:52:1 (pipe.Rd:15): Warning: discarding unexpected </main>
pipe.html:4:1 (pipe.Rd:5): Warning: <link> inserting "type" attribute
pipe.html:12:1 (pipe.Rd:5): Warning: <script> proprietary attribute "onload"
pipe.html:12:1 (pipe.Rd:5): Warning: <script> inserting "type" attribute
pipe.html:17:1 (pipe.Rd:5): Warning: <table> lacks "summary" attribute
pipe.html:35:1 (pipe.Rd:10): Warning: <table> lacks "summary" attribute
plotly_powerest.html:15:44 (plotly_powerest.Rd:5): Error: <main> is not recognized!
plotly_powerest.html:15:44 (plotly_powerest.Rd:5): Warning: discarding unexpected <main>
plotly_powerest.html:76:1 (plotly_powerest.Rd:29): Warning: discarding unexpected </main>
plotly_powerest.html:4:1 (plotly_powerest.Rd:5): Warning: <link> inserting "type" attribute
plotly_powerest.html:12:1 (plotly_powerest.Rd:5): Warning: <script> proprietary attribute "onload"
plotly_powerest.html:12:1 (plotly_powerest.Rd:5): Warning: <script> inserting "type" attribute
plotly_powerest.html:17:1 (plotly_powerest.Rd:5): Warning: <table> lacks "summary" attribute
plotly_powerest.html:35:1 (plotly_powerest.Rd:10): Warning: <table> lacks "summary" attribute
power_example.html:15:44 (power_example.Rd:6): Error: <main> is not recognized!
power_example.html:15:44 (power_example.Rd:6): Warning: discarding unexpected <main>
power_example.html:58:1 (power_example.Rd:18): Warning: discarding unexpected </main>
power_example.html:4:1 (power_example.Rd:6): Warning: <link> inserting "type" attribute
power_example.html:12:1 (power_example.Rd:6): Warning: <script> proprietary attribute "onload"
power_example.html:12:1 (power_example.Rd:6): Warning: <script> inserting "type" attribute
power_example.html:17:1 (power_example.Rd:6): Warning: <table> lacks "summary" attribute
pred_XGBoost.html:15:44 (pred_XGBoost.Rd:5): Error: <main> is not recognized!
pred_XGBoost.html:15:44 (pred_XGBoost.Rd:5): Warning: discarding unexpected <main>
pred_XGBoost.html:83:1 (pred_XGBoost.Rd:34): Warning: discarding unexpected </main>
pred_XGBoost.html:4:1 (pred_XGBoost.Rd:5): Warning: <link> inserting "type" attribute
pred_XGBoost.html:12:1 (pred_XGBoost.Rd:5): Warning: <script> proprietary attribute "onload"
pred_XGBoost.html:12:1 (pred_XGBoost.Rd:5): Warning: <script> inserting "type" attribute
pred_XGBoost.html:17:1 (pred_XGBoost.Rd:5): Warning: <table> lacks "summary" attribute
pred_XGBoost.html:35:1 (pred_XGBoost.Rd:10): Warning: <table> lacks "summary" attribute
pred_powerest.html:15:44 (pred_powerest.Rd:5): Error: <main> is not recognized!
pred_powerest.html:15:44 (pred_powerest.Rd:5): Warning: discarding unexpected <main>
pred_powerest.html:77:1 (pred_powerest.Rd:30): Warning: discarding unexpected </main>
pred_powerest.html:4:1 (pred_powerest.Rd:5): Warning: <link> inserting "type" attribute
pred_powerest.html:12:1 (pred_powerest.Rd:5): Warning: <script> proprietary attribute "onload"
pred_powerest.html:12:1 (pred_powerest.Rd:5): Warning: <script> inserting "type" attribute
pred_powerest.html:17:1 (pred_powerest.Rd:5): Warning: <table> lacks "summary" attribute
pred_powerest.html:37:1 (pred_powerest.Rd:10): Warning: <table> lacks "summary" attribute
result_example.html:15:44 (result_example.Rd:6): Error: <main> is not recognized!
result_example.html:15:44 (result_example.Rd:6): Warning: discarding unexpected <main>
result_example.html:55:1 (result_example.Rd:16): Warning: discarding unexpected </main>
result_example.html:4:1 (result_example.Rd:6): Warning: <link> inserting "type" attribute
result_example.html:12:1 (result_example.Rd:6): Warning: <script> proprietary attribute "onload"
result_example.html:12:1 (result_example.Rd:6): Warning: <script> inserting "type" attribute
result_example.html:17:1 (result_example.Rd:6): Warning: <table> lacks "summary" attribute
vis_XGBoost.html:15:44 (vis_XGBoost.Rd:5): Error: <main> is not recognized!
vis_XGBoost.html:15:44 (vis_XGBoost.Rd:5): Warning: discarding unexpected <main>
vis_XGBoost.html:86:1 (vis_XGBoost.Rd:37): Warning: discarding unexpected </main>
vis_XGBoost.html:4:1 (vis_XGBoost.Rd:5): Warning: <link> inserting "type" attribute
vis_XGBoost.html:12:1 (vis_XGBoost.Rd:5): Warning: <script> proprietary attribute "onload"
vis_XGBoost.html:12:1 (vis_XGBoost.Rd:5): Warning: <script> inserting "type" attribute
vis_XGBoost.html:17:1 (vis_XGBoost.Rd:5): Warning: <table> lacks "summary" attribute
vis_XGBoost.html:36:1 (vis_XGBoost.Rd:11): Warning: <table> lacks "summary" attribute
vis_powerest.html:15:44 (vis_powerest.Rd:5): Error: <main> is not recognized!
vis_powerest.html:15:44 (vis_powerest.Rd:5): Warning: discarding unexpected <main>
vis_powerest.html:106:1 (vis_powerest.Rd:47): Warning: discarding unexpected </main>
vis_powerest.html:4:1 (vis_powerest.Rd:5): Warning: <link> inserting "type" attribute
vis_powerest.html:12:1 (vis_powerest.Rd:5): Warning: <script> proprietary attribute "onload"
vis_powerest.html:12:1 (vis_powerest.Rd:5): Warning: <script> inserting "type" attribute
vis_powerest.html:17:1 (vis_powerest.Rd:5): Warning: <table> lacks "summary" attribute
vis_powerest.html:38:1 (vis_powerest.Rd:12): Warning: <table> lacks "summary" attribute
vis_powerest.html:78:14 (vis_powerest.Rd:33): Warning: <code> attribute "id" has invalid value "..."
* checking for non-standard things in the check directory ... OK
* checking for detritus in the temp directory ... OK
* DONE
Status: 2 NOTEs
